2025-05-19 15:05:13.408 [INFO] Begin to build package : DefaultPackage by BuiltinBuildPipeline
2025-05-19 15:05:13.408 [INFO] --------------------------------------------->TaskPrepare<--------------------------------------------
2025-05-19 15:05:13.408 [WARN] [ErrorCode130] Starting with UnityEngine2021, recommend use script build pipeline (SBP) !
2025-05-19 15:05:13.408 [INFO] TaskPrepare It takes 0 seconds in total
2025-05-19 15:05:13.408 [INFO] --------------------------------------------->TaskGetBuildMap<--------------------------------------------
2025-05-19 15:05:48.203 [INFO] TaskGetBuildMap It takes 34 seconds in total
2025-05-19 15:05:48.203 [INFO] --------------------------------------------->TaskBuilding<--------------------------------------------
2025-05-19 15:06:44.620 [INFO] UnityEngine build success !
2025-05-19 15:06:44.620 [INFO] TaskBuilding It takes 56 seconds in total
2025-05-19 15:06:44.621 [INFO] --------------------------------------------->TaskVerifyBuildResult<--------------------------------------------
2025-05-19 15:06:44.623 [INFO] Build results verify success!
2025-05-19 15:06:44.623 [INFO] TaskVerifyBuildResult It takes 0 seconds in total
2025-05-19 15:06:44.624 [INFO] --------------------------------------------->TaskEncryption<--------------------------------------------
2025-05-19 15:06:44.624 [INFO] TaskEncryption It takes 0 seconds in total
2025-05-19 15:06:44.625 [INFO] --------------------------------------------->TaskUpdateBundleInfo<--------------------------------------------
2025-05-19 15:06:44.754 [INFO] TaskUpdateBundleInfo It takes 0 seconds in total
2025-05-19 15:06:44.754 [INFO] --------------------------------------------->TaskCreateManifest<--------------------------------------------
2025-05-19 15:06:44.777 [INFO] Create package manifest file: C:/UnityWork/Self/Open/EF/UnityProject/Bundles/StandaloneWindows64/DefaultPackage/2025-05-19-905/DefaultPackage_2025-05-19-905.json
2025-05-19 15:06:44.809 [INFO] Create package manifest file: C:/UnityWork/Self/Open/EF/UnityProject/Bundles/StandaloneWindows64/DefaultPackage/2025-05-19-905/DefaultPackage_2025-05-19-905.bytes
2025-05-19 15:06:44.811 [INFO] Create package manifest hash file: C:/UnityWork/Self/Open/EF/UnityProject/Bundles/StandaloneWindows64/DefaultPackage/2025-05-19-905/DefaultPackage_2025-05-19-905.hash
2025-05-19 15:06:44.813 [INFO] Create package manifest version file: C:/UnityWork/Self/Open/EF/UnityProject/Bundles/StandaloneWindows64/DefaultPackage/2025-05-19-905/DefaultPackage.version
2025-05-19 15:06:44.820 [INFO] TaskCreateManifest It takes 0 seconds in total
2025-05-19 15:06:44.820 [INFO] --------------------------------------------->TaskCreateReport<--------------------------------------------
2025-05-19 15:06:44.850 [INFO] Create build report file: C:/UnityWork/Self/Open/EF/UnityProject/Bundles/StandaloneWindows64/DefaultPackage/2025-05-19-905/DefaultPackage_2025-05-19-905.report
2025-05-19 15:06:44.850 [INFO] TaskCreateReport It takes 0 seconds in total
2025-05-19 15:06:44.850 [INFO] --------------------------------------------->TaskCreatePackage<--------------------------------------------
2025-05-19 15:06:44.852 [INFO] Start making patch package: C:/UnityWork/Self/Open/EF/UnityProject/Bundles/StandaloneWindows64/DefaultPackage/2025-05-19-905
2025-05-19 15:06:44.873 [INFO] TaskCreatePackage It takes 0 seconds in total
2025-05-19 15:06:44.874 [INFO] --------------------------------------------->TaskCopyBuildinFiles<--------------------------------------------
2025-05-19 15:06:45.362 [INFO] Buildin files copy complete: C:/UnityWork/Self/Open/EF/UnityProject/Assets/StreamingAssets/yoo/DefaultPackage
2025-05-19 15:06:45.362 [INFO] TaskCopyBuildinFiles It takes 0 seconds in total
2025-05-19 15:06:45.362 [INFO] --------------------------------------------->TaskCreateCatalog<--------------------------------------------
2025-05-19 15:06:45.800 [INFO] TaskCreateCatalog It takes 0 seconds in total
2025-05-19 15:06:45.800 [INFO] Total build process time: 90 seconds
2025-05-19 15:06:45.800 [INFO] Resource pipeline build success
